[4.188s] Invoking command in '/home/mi/workplace/src/learning': PYTHONPATH=/home/mi/workplace/install/learning/lib/python3.6/site-packages:${PYTHONPATH} /usr/bin/python3 setup.py egg_info --egg-base ../../build/learning build --build-base /home/mi/workplace/build/learning/build install --prefix /home/mi/workplace/install/learning --record /home/mi/workplace/build/learning/install.log --single-version-externally-managed
[5.660s] running egg_info
[5.662s] creating ../../build/learning/learning.egg-info
[5.662s] writing ../../build/learning/learning.egg-info/PKG-INFO
[5.664s] writing dependency_links to ../../build/learning/learning.egg-info/dependency_links.txt
[5.665s] writing entry points to ../../build/learning/learning.egg-info/entry_points.txt
[5.665s] writing requirements to ../../build/learning/learning.egg-info/requires.txt
[5.666s] writing top-level names to ../../build/learning/learning.egg-info/top_level.txt
[5.678s] writing manifest file '../../build/learning/learning.egg-info/SOURCES.txt'
[5.685s] reading manifest file '../../build/learning/learning.egg-info/SOURCES.txt'
[5.690s] writing manifest file '../../build/learning/learning.egg-info/SOURCES.txt'
[5.690s] running build
[5.691s] running build_py
[5.692s] creating /home/mi/workplace/build/learning/build
[5.692s] creating /home/mi/workplace/build/learning/build/lib
[5.693s] creating /home/mi/workplace/build/learning/build/lib/learning
[5.693s] copying learning/__init__.py -> /home/mi/workplace/build/learning/build/lib/learning
[5.694s] copying learning/stand.py -> /home/mi/workplace/build/learning/build/lib/learning
[5.695s] running install
[5.695s] /usr/local/lib/python3.6/dist-packages/setuptools/command/install.py:37: SetuptoolsDeprecationWarning: setup.py install is deprecated. Use build and pip and other standards-based tools.
[5.696s]   setuptools.SetuptoolsDeprecationWarning,
[5.696s] running install_lib
[5.699s] creating /home/mi/workplace/install/learning/lib/python3.6/site-packages/learning
[5.700s] copying /home/mi/workplace/build/learning/build/lib/learning/__init__.py -> /home/mi/workplace/install/learning/lib/python3.6/site-packages/learning
[5.701s] copying /home/mi/workplace/build/learning/build/lib/learning/stand.py -> /home/mi/workplace/install/learning/lib/python3.6/site-packages/learning
[5.702s] byte-compiling /home/mi/workplace/install/learning/lib/python3.6/site-packages/learning/__init__.py to __init__.cpython-36.pyc
[5.703s] byte-compiling /home/mi/workplace/install/learning/lib/python3.6/site-packages/learning/stand.py to stand.cpython-36.pyc
[5.705s] running install_data
[5.707s] creating /home/mi/workplace/install/learning/share/ament_index
[5.708s] creating /home/mi/workplace/install/learning/share/ament_index/resource_index
[5.709s] creating /home/mi/workplace/install/learning/share/ament_index/resource_index/packages
[5.709s] copying resource/learning -> /home/mi/workplace/install/learning/share/ament_index/resource_index/packages
[5.710s] copying package.xml -> /home/mi/workplace/install/learning/share/learning
[5.710s] running install_egg_info
[5.717s] Copying ../../build/learning/learning.egg-info to /home/mi/workplace/install/learning/lib/python3.6/site-packages/learning-0.0.0-py3.6.egg-info
[5.721s] running install_scripts
[5.803s] Installing stand script to /home/mi/workplace/install/learning/lib/learning
[5.805s] writing list of installed files to '/home/mi/workplace/build/learning/install.log'
[5.918s] Invoked command in '/home/mi/workplace/src/learning' returned '0': PYTHONPATH=/home/mi/workplace/install/learning/lib/python3.6/site-packages:${PYTHONPATH} /usr/bin/python3 setup.py egg_info --egg-base ../../build/learning build --build-base /home/mi/workplace/build/learning/build install --prefix /home/mi/workplace/install/learning --record /home/mi/workplace/build/learning/install.log --single-version-externally-managed
