[2.164s] DEBUG:colcon:Command line arguments: ['/usr/bin/colcon', 'build', '--packages-select', 'demo_python_pkg']
[2.164s] DEBUG:colcon:Parsed command line arguments: Namespace(allow_overriding=[], ament_cmake_args=None, base_paths=['.'], build_base='build', catkin_cmake_args=None, catkin_skip_building_tests=False, cmake_args=None, cmake_clean_cache=False, cmake_clean_first=False, cmake_force_configure=False, cmake_target=None, cmake_target_skip_unavailable=False, continue_on_error=False, event_handlers=None, executor='parallel', ignore_user_meta=False, install_base='install', log_base=None, log_level=None, main=<bound method BuildVerb.main of <colcon_core.verb.build.BuildVerb object at 0x7f85913d30>>, merge_install=False, metas=['./colcon.meta'], packages_above=None, packages_above_and_dependencies=None, packages_above_depth=None, packages_end=None, packages_ignore=None, packages_ignore_regex=None, packages_select=['demo_python_pkg'], packages_select_build_failed=False, packages_select_by_dep=None, packages_select_regex=None, packages_select_test_failures=False, packages_skip=None, packages_skip_build_finished=False, packages_skip_by_dep=None, packages_skip_regex=None, packages_skip_test_passed=False, packages_skip_up_to=None, packages_start=None, packages_up_to=None, packages_up_to_regex=None, parallel_workers=6, paths=None, symlink_install=False, test_result_base=None, verb_extension=<colcon_core.verb.build.BuildVerb object at 0x7f85913d30>, verb_name='build', verb_parser=<colcon_defaults.argument_parser.defaults.DefaultArgumentsDecorator object at 0x7f85863668>)
[2.208s] Level 1:colcon.colcon_core.package_discovery:discover_packages(colcon_meta) check parameters
[2.209s] Level 1:colcon.colcon_core.package_discovery:discover_packages(recursive) check parameters
[2.209s] Level 1:colcon.colcon_core.package_discovery:discover_packages(ignore) check parameters
[2.209s] Level 1:colcon.colcon_core.package_discovery:discover_packages(path) check parameters
[2.210s] Level 1:colcon.colcon_core.package_discovery:discover_packages(colcon_meta) discover
[2.212s] Level 1:colcon.colcon_core.package_discovery:discover_packages(recursive) discover
[2.212s] INFO:colcon.colcon_core.package_discovery:Crawling recursively for packages in '/home/mi/cyberdog_soccer/ros2_ws/src'
[2.213s] Level 1:colcon.colcon_core.package_identification:_identify(.) by extensions ['ignore', 'ignore_ament_install']
[2.213s] Level 1:colcon.colcon_core.package_identification:_identify(.) by extension 'ignore'
[2.214s] Level 1:colcon.colcon_core.package_identification:_identify(.) by extension 'ignore_ament_install'
[2.214s] Level 1:colcon.colcon_core.package_identification:_identify(.) by extensions ['colcon_pkg']
[2.214s] Level 1:colcon.colcon_core.package_identification:_identify(.) by extension 'colcon_pkg'
[2.215s] Level 1:colcon.colcon_core.package_identification:_identify(.) by extensions ['colcon_meta']
[2.215s] Level 1:colcon.colcon_core.package_identification:_identify(.) by extension 'colcon_meta'
[2.215s] Level 1:colcon.colcon_core.package_identification:_identify(.) by extensions ['ros']
[2.216s] Level 1:colcon.colcon_core.package_identification:_identify(.) by extension 'ros'
[2.655s] Level 1:colcon.colcon_core.package_identification:_identify(.) by extensions ['cmake', 'python']
[2.655s] Level 1:colcon.colcon_core.package_identification:_identify(.) by extension 'cmake'
[2.655s] Level 1:colcon.colcon_core.package_identification:_identify(.) by extension 'python'
[2.656s] Level 1:colcon.colcon_core.package_identification:_identify(.) by extensions ['python_setup_py']
[2.656s] Level 1:colcon.colcon_core.package_identification:_identify(.) by extension 'python_setup_py'
[2.657s] Level 1:colcon.colcon_core.package_identification:_identify(build) by extensions ['ignore', 'ignore_ament_install']
[2.657s] Level 1:colcon.colcon_core.package_identification:_identify(build) by extension 'ignore'
[2.657s] Level 1:colcon.colcon_core.package_identification:_identify(build) ignored
[2.659s] Level 1:colcon.colcon_core.package_identification:_identify(demo_python_pkg) by extensions ['ignore', 'ignore_ament_install']
[2.659s] Level 1:colcon.colcon_core.package_identification:_identify(demo_python_pkg) by extension 'ignore'
[2.660s] Level 1:colcon.colcon_core.package_identification:_identify(demo_python_pkg) by extension 'ignore_ament_install'
[2.660s] Level 1:colcon.colcon_core.package_identification:_identify(demo_python_pkg) by extensions ['colcon_pkg']
[2.660s] Level 1:colcon.colcon_core.package_identification:_identify(demo_python_pkg) by extension 'colcon_pkg'
[2.660s] Level 1:colcon.colcon_core.package_identification:_identify(demo_python_pkg) by extensions ['colcon_meta']
[2.661s] Level 1:colcon.colcon_core.package_identification:_identify(demo_python_pkg) by extension 'colcon_meta'
[2.661s] Level 1:colcon.colcon_core.package_identification:_identify(demo_python_pkg) by extensions ['ros']
[2.661s] Level 1:colcon.colcon_core.package_identification:_identify(demo_python_pkg) by extension 'ros'
[2.676s] DEBUG:colcon.colcon_core.package_identification:Package 'demo_python_pkg' with type 'ros.ament_python' and name 'demo_python_pkg'
[2.676s] Level 1:colcon.colcon_core.package_identification:_identify(install) by extensions ['ignore', 'ignore_ament_install']
[2.677s] Level 1:colcon.colcon_core.package_identification:_identify(install) by extension 'ignore'
[2.677s] Level 1:colcon.colcon_core.package_identification:_identify(install) ignored
[2.678s] Level 1:colcon.colcon_core.package_identification:_identify(log) by extensions ['ignore', 'ignore_ament_install']
[2.678s] Level 1:colcon.colcon_core.package_identification:_identify(log) by extension 'ignore'
[2.678s] Level 1:colcon.colcon_core.package_identification:_identify(log) ignored
[2.679s] Level 1:colcon.colcon_core.package_discovery:discover_packages(recursive) using defaults
[2.679s] Level 1:colcon.colcon_core.package_discovery:discover_packages(ignore) discover
[2.680s] Level 1:colcon.colcon_core.package_discovery:discover_packages(ignore) using defaults
[2.680s] Level 1:colcon.colcon_core.package_discovery:discover_packages(path) discover
[2.680s] Level 1:colcon.colcon_core.package_discovery:discover_packages(path) using defaults
[2.825s] Level 5:colcon.colcon_core.verb:set package 'demo_python_pkg' build argument 'cmake_args' from command line to 'None'
[2.825s] Level 5:colcon.colcon_core.verb:set package 'demo_python_pkg' build argument 'cmake_target' from command line to 'None'
[2.826s] Level 5:colcon.colcon_core.verb:set package 'demo_python_pkg' build argument 'cmake_target_skip_unavailable' from command line to 'False'
[2.826s] Level 5:colcon.colcon_core.verb:set package 'demo_python_pkg' build argument 'cmake_clean_cache' from command line to 'False'
[2.826s] Level 5:colcon.colcon_core.verb:set package 'demo_python_pkg' build argument 'cmake_clean_first' from command line to 'False'
[2.826s] Level 5:colcon.colcon_core.verb:set package 'demo_python_pkg' build argument 'cmake_force_configure' from command line to 'False'
[2.827s] Level 5:colcon.colcon_core.verb:set package 'demo_python_pkg' build argument 'ament_cmake_args' from command line to 'None'
[2.827s] Level 5:colcon.colcon_core.verb:set package 'demo_python_pkg' build argument 'catkin_cmake_args' from command line to 'None'
[2.827s] Level 5:colcon.colcon_core.verb:set package 'demo_python_pkg' build argument 'catkin_skip_building_tests' from command line to 'False'
[2.828s] DEBUG:colcon.colcon_core.verb:Building package 'demo_python_pkg' with the following arguments: {'ament_cmake_args': None, 'build_base': '/home/mi/cyberdog_soccer/ros2_ws/src/build/demo_python_pkg', 'catkin_cmake_args': None, 'catkin_skip_building_tests': False, 'cmake_args': None, 'cmake_clean_cache': False, 'cmake_clean_first': False, 'cmake_force_configure': False, 'cmake_target': None, 'cmake_target_skip_unavailable': False, 'install_base': '/home/mi/cyberdog_soccer/ros2_ws/src/install/demo_python_pkg', 'merge_install': False, 'path': '/home/mi/cyberdog_soccer/ros2_ws/src/demo_python_pkg', 'symlink_install': False, 'test_result_base': None}
[2.902s] INFO:colcon.colcon_core.executor:Executing jobs using 'parallel' executor
[2.925s] DEBUG:colcon.colcon_parallel_executor.executor.parallel:run_until_complete
[2.926s] INFO:colcon.colcon_ros.task.ament_python.build:Building ROS package in '/home/mi/cyberdog_soccer/ros2_ws/src/demo_python_pkg' with build type 'ament_python'
[2.928s] Level 1:colcon.colcon_core.shell:create_environment_hook('demo_python_pkg', 'ament_prefix_path')
[2.958s] INFO:colcon.colcon_core.plugin_system:Skipping extension 'colcon_core.shell.bat': Not used on non-Windows systems
[2.960s] INFO:colcon.colcon_core.shell:Creating environment hook '/home/mi/cyberdog_soccer/ros2_ws/src/install/demo_python_pkg/share/demo_python_pkg/hook/ament_prefix_path.ps1'
[2.964s] INFO:colcon.colcon_core.shell:Creating environment descriptor '/home/mi/cyberdog_soccer/ros2_ws/src/install/demo_python_pkg/share/demo_python_pkg/hook/ament_prefix_path.dsv'
[2.967s] INFO:colcon.colcon_core.shell:Creating environment hook '/home/mi/cyberdog_soccer/ros2_ws/src/install/demo_python_pkg/share/demo_python_pkg/hook/ament_prefix_path.sh'
[2.975s] INFO:colcon.colcon_core.shell:Skip shell extension 'powershell' for command environment: Not usable outside of PowerShell
[2.975s] DEBUG:colcon.colcon_core.shell:Skip shell extension 'dsv' for command environment
[4.764s] INFO:colcon.colcon_core.task.python.build:Building Python package in '/home/mi/cyberdog_soccer/ros2_ws/src/demo_python_pkg'
[4.771s] INFO:colcon.colcon_core.shell:Skip shell extension 'powershell' for command environment: Not usable outside of PowerShell
[4.771s] DEBUG:colcon.colcon_core.shell:Skip shell extension 'dsv' for command environment
[7.227s] DEBUG:colcon.colcon_core.event_handler.log_command:Invoking command in '/home/mi/cyberdog_soccer/ros2_ws/src/demo_python_pkg': PYTHONPATH=/home/mi/cyberdog_soccer/ros2_ws/src/install/demo_python_pkg/lib/python3.6/site-packages:${PYTHONPATH} /usr/bin/python3 setup.py egg_info --egg-base ../build/demo_python_pkg build --build-base /home/mi/cyberdog_soccer/ros2_ws/src/build/demo_python_pkg/build install --prefix /home/mi/cyberdog_soccer/ros2_ws/src/install/demo_python_pkg --record /home/mi/cyberdog_soccer/ros2_ws/src/build/demo_python_pkg/install.log --single-version-externally-managed
[9.441s] DEBUG:colcon.colcon_core.event_handler.log_command:Invoked command in '/home/mi/cyberdog_soccer/ros2_ws/src/demo_python_pkg' returned '0': PYTHONPATH=/home/mi/cyberdog_soccer/ros2_ws/src/install/demo_python_pkg/lib/python3.6/site-packages:${PYTHONPATH} /usr/bin/python3 setup.py egg_info --egg-base ../build/demo_python_pkg build --build-base /home/mi/cyberdog_soccer/ros2_ws/src/build/demo_python_pkg/build install --prefix /home/mi/cyberdog_soccer/ros2_ws/src/install/demo_python_pkg --record /home/mi/cyberdog_soccer/ros2_ws/src/build/demo_python_pkg/install.log --single-version-externally-managed
[9.475s] Level 1:colcon.colcon_core.environment:checking '/home/mi/cyberdog_soccer/ros2_ws/src/install/demo_python_pkg' for CMake module files
[9.479s] Level 1:colcon.colcon_core.environment:checking '/home/mi/cyberdog_soccer/ros2_ws/src/install/demo_python_pkg' for CMake config files
[9.486s] Level 1:colcon.colcon_core.environment:checking '/home/mi/cyberdog_soccer/ros2_ws/src/install/demo_python_pkg/lib'
[9.487s] Level 1:colcon.colcon_core.environment:checking '/home/mi/cyberdog_soccer/ros2_ws/src/install/demo_python_pkg/bin'
[9.487s] Level 1:colcon.colcon_core.environment:checking '/home/mi/cyberdog_soccer/ros2_ws/src/install/demo_python_pkg/lib/pkgconfig/demo_python_pkg.pc'
[9.488s] Level 1:colcon.colcon_core.environment:checking '/home/mi/cyberdog_soccer/ros2_ws/src/install/demo_python_pkg/lib/python3.6/site-packages'
[9.488s] Level 1:colcon.colcon_core.shell:create_environment_hook('demo_python_pkg', 'pythonpath')
[9.491s] INFO:colcon.colcon_core.shell:Creating environment hook '/home/mi/cyberdog_soccer/ros2_ws/src/install/demo_python_pkg/share/demo_python_pkg/hook/pythonpath.ps1'
[9.494s] INFO:colcon.colcon_core.shell:Creating environment descriptor '/home/mi/cyberdog_soccer/ros2_ws/src/install/demo_python_pkg/share/demo_python_pkg/hook/pythonpath.dsv'
[9.495s] INFO:colcon.colcon_core.shell:Creating environment hook '/home/mi/cyberdog_soccer/ros2_ws/src/install/demo_python_pkg/share/demo_python_pkg/hook/pythonpath.sh'
[9.497s] Level 1:colcon.colcon_core.environment:create_environment_scripts_only(demo_python_pkg)
[9.501s] INFO:colcon.colcon_core.shell:Creating package script '/home/mi/cyberdog_soccer/ros2_ws/src/install/demo_python_pkg/share/demo_python_pkg/package.ps1'
[9.509s] INFO:colcon.colcon_core.shell:Creating package descriptor '/home/mi/cyberdog_soccer/ros2_ws/src/install/demo_python_pkg/share/demo_python_pkg/package.dsv'
[9.513s] INFO:colcon.colcon_core.shell:Creating package script '/home/mi/cyberdog_soccer/ros2_ws/src/install/demo_python_pkg/share/demo_python_pkg/package.sh'
[9.518s] INFO:colcon.colcon_core.shell:Creating package script '/home/mi/cyberdog_soccer/ros2_ws/src/install/demo_python_pkg/share/demo_python_pkg/package.bash'
[9.523s] INFO:colcon.colcon_core.shell:Creating package script '/home/mi/cyberdog_soccer/ros2_ws/src/install/demo_python_pkg/share/demo_python_pkg/package.zsh'
[9.529s] Level 1:colcon.colcon_core.environment:create_file_with_runtime_dependencies(/home/mi/cyberdog_soccer/ros2_ws/src/install/demo_python_pkg/share/colcon-core/packages/demo_python_pkg)
[9.532s] DEBUG:colcon.colcon_parallel_executor.executor.parallel:closing loop
[9.535s] DEBUG:colcon.colcon_parallel_executor.executor.parallel:loop closed
[9.537s] DEBUG:colcon.colcon_parallel_executor.executor.parallel:run_until_complete finished with '0'
[9.537s] DEBUG:colcon.colcon_core.event_reactor:joining thread
[9.578s] INFO:colcon.colcon_core.plugin_system:Skipping extension 'colcon_notification.desktop_notification.terminal_notifier': Not used on non-Darwin systems
[9.579s] INFO:colcon.colcon_core.plugin_system:Skipping extension 'colcon_notification.desktop_notification.win32': Not used on non-Windows systems
[9.579s] INFO:colcon.colcon_notification.desktop_notification:Sending desktop notification using 'notify2'
[9.666s] DEBUG:colcon.colcon_core.event_reactor:joined thread
[9.670s] INFO:colcon.colcon_core.shell:Creating prefix script '/home/mi/cyberdog_soccer/ros2_ws/src/install/local_setup.ps1'
[9.678s] INFO:colcon.colcon_core.shell:Creating prefix util module '/home/mi/cyberdog_soccer/ros2_ws/src/install/_local_setup_util_ps1.py'
[9.690s] INFO:colcon.colcon_core.shell:Creating prefix chain script '/home/mi/cyberdog_soccer/ros2_ws/src/install/setup.ps1'
[9.698s] INFO:colcon.colcon_core.shell:Creating prefix script '/home/mi/cyberdog_soccer/ros2_ws/src/install/local_setup.sh'
[9.702s] INFO:colcon.colcon_core.shell:Creating prefix util module '/home/mi/cyberdog_soccer/ros2_ws/src/install/_local_setup_util_sh.py'
[9.704s] INFO:colcon.colcon_core.shell:Creating prefix chain script '/home/mi/cyberdog_soccer/ros2_ws/src/install/setup.sh'
[9.712s] INFO:colcon.colcon_core.shell:Creating prefix script '/home/mi/cyberdog_soccer/ros2_ws/src/install/local_setup.bash'
[9.715s] INFO:colcon.colcon_core.shell:Creating prefix chain script '/home/mi/cyberdog_soccer/ros2_ws/src/install/setup.bash'
[9.723s] INFO:colcon.colcon_core.shell:Creating prefix script '/home/mi/cyberdog_soccer/ros2_ws/src/install/local_setup.zsh'
[9.727s] INFO:colcon.colcon_core.shell:Creating prefix chain script '/home/mi/cyberdog_soccer/ros2_ws/src/install/setup.zsh'
