running egg_info
writing ../../build/learning/learning.egg-info/PKG-INFO
writing dependency_links to ../../build/learning/learning.egg-info/dependency_links.txt
writing entry points to ../../build/learning/learning.egg-info/entry_points.txt
writing requirements to ../../build/learning/learning.egg-info/requires.txt
writing top-level names to ../../build/learning/learning.egg-info/top_level.txt
reading manifest file '../../build/learning/learning.egg-info/SOURCES.txt'
writing manifest file '../../build/learning/learning.egg-info/SOURCES.txt'
running build
running build_py
copying learning/ball_finder.py -> /home/mi/workplace/build/learning/build/lib/learning
copying learning/move.py -> /home/mi/workplace/build/learning/build/lib/learning
copying learning/image_process.py -> /home/mi/workplace/build/learning/build/lib/learning
copying learning/ball_tracker.py -> /home/mi/workplace/build/learning/build/lib/learning
copying learning/barrier_move.py -> /home/mi/workplace/build/learning/build/lib/learning
copying learning/camera.py -> /home/mi/workplace/build/learning/build/lib/learning
running install
running install_lib
copying /home/mi/workplace/build/learning/build/lib/learning/ball_finder.py -> /home/mi/workplace/install/learning/lib/python3.6/site-packages/learning
copying /home/mi/workplace/build/learning/build/lib/learning/move.py -> /home/mi/workplace/install/learning/lib/python3.6/site-packages/learning
copying /home/mi/workplace/build/learning/build/lib/learning/image_process.py -> /home/mi/workplace/install/learning/lib/python3.6/site-packages/learning
copying /home/mi/workplace/build/learning/build/lib/learning/ball_tracker.py -> /home/mi/workplace/install/learning/lib/python3.6/site-packages/learning
copying /home/mi/workplace/build/learning/build/lib/learning/barrier_move.py -> /home/mi/workplace/install/learning/lib/python3.6/site-packages/learning
copying /home/mi/workplace/build/learning/build/lib/learning/camera.py -> /home/mi/workplace/install/learning/lib/python3.6/site-packages/learning
byte-compiling /home/mi/workplace/install/learning/lib/python3.6/site-packages/learning/ball_finder.py to ball_finder.cpython-36.pyc
byte-compiling /home/mi/workplace/install/learning/lib/python3.6/site-packages/learning/move.py to move.cpython-36.pyc
byte-compiling /home/mi/workplace/install/learning/lib/python3.6/site-packages/learning/image_process.py to image_process.cpython-36.pyc
byte-compiling /home/mi/workplace/install/learning/lib/python3.6/site-packages/learning/ball_tracker.py to ball_tracker.cpython-36.pyc
byte-compiling /home/mi/workplace/install/learning/lib/python3.6/site-packages/learning/barrier_move.py to barrier_move.cpython-36.pyc
byte-compiling /home/mi/workplace/install/learning/lib/python3.6/site-packages/learning/camera.py to camera.cpython-36.pyc
running install_data
copying package.xml -> /home/mi/workplace/install/learning/share/learning
running install_egg_info
removing '/home/mi/workplace/install/learning/lib/python3.6/site-packages/learning-0.0.0-py3.6.egg-info' (and everything under it)
Copying ../../build/learning/learning.egg-info to /home/mi/workplace/install/learning/lib/python3.6/site-packages/learning-0.0.0-py3.6.egg-info
running install_scripts
Installing ball_tracker script to /home/mi/workplace/install/learning/lib/learning
Installing barrier_move script to /home/mi/workplace/install/learning/lib/learning
Installing camera script to /home/mi/workplace/install/learning/lib/learning
Installing distance script to /home/mi/workplace/install/learning/lib/learning
Installing stand = learning.stand:mainmove script to /home/mi/workplace/install/learning/lib/learning
writing list of installed files to '/home/mi/workplace/build/learning/install.log'
